[2025-04-18T20:01:37.930+0000] {taskinstance.py:1956} INFO - Dependencies all met for dep_context=non-requeueable deps ti=<TaskInstance: nasa_apod_postgres.create_table manual__2025-04-18T20:01:37.350400+00:00 [queued]>
[2025-04-18T20:01:37.935+0000] {taskinstance.py:1956} INFO - Dependencies all met for dep_context=requeueable deps ti=<TaskInstance: nasa_apod_postgres.create_table manual__2025-04-18T20:01:37.350400+00:00 [queued]>
[2025-04-18T20:01:37.936+0000] {taskinstance.py:2170} INFO - Starting attempt 1 of 1
[2025-04-18T20:01:37.943+0000] {taskinstance.py:2191} INFO - Executing <Task(_PythonDecoratedOperator): create_table> on 2025-04-18 20:01:37.350400+00:00
[2025-04-18T20:01:37.947+0000] {standard_task_runner.py:60} INFO - Started process 334 to run task
[2025-04-18T20:01:37.949+0000] {standard_task_runner.py:87} INFO - Running: ['airflow', 'tasks', 'run', 'nasa_apod_***', 'create_table', 'manual__2025-04-18T20:01:37.350400+00:00', '--job-id', '6', '--raw', '--subdir', 'DAGS_FOLDER/etl.py', '--cfg-path', '/tmp/tmpkhycwg2d']
[2025-04-18T20:01:37.950+0000] {standard_task_runner.py:88} INFO - Job 6: Subtask create_table
[2025-04-18T20:01:37.960+0000] {logging_mixin.py:188} WARNING - /home/airflow/.local/lib/python3.8/site-packages/airflow/settings.py:194 DeprecationWarning: The sql_alchemy_conn option in [core] has been moved to the sql_alchemy_conn option in [database] - the old setting has been used, but please update your config.
[2025-04-18T20:01:37.981+0000] {task_command.py:423} INFO - Running <TaskInstance: nasa_apod_postgres.create_table manual__2025-04-18T20:01:37.350400+00:00 [running]> on host 4d4fb407ffc6
[2025-04-18T20:01:38.022+0000] {taskinstance.py:2480} INFO - Exporting env vars: AIRFLOW_CTX_DAG_OWNER='airflow' AIRFLOW_CTX_DAG_ID='nasa_apod_***' AIRFLOW_CTX_TASK_ID='create_table' AIRFLOW_CTX_EXECUTION_DATE='2025-04-18T20:01:37.350400+00:00' AIRFLOW_CTX_TRY_NUMBER='1' AIRFLOW_CTX_DAG_RUN_ID='manual__2025-04-18T20:01:37.350400+00:00'
[2025-04-18T20:01:38.028+0000] {base.py:83} INFO - Using connection ID 'my_***_connection' for task execution.
[2025-04-18T20:01:38.030+0000] {sql.py:450} INFO - Running statement: 
        CREATE TABLE IF NOT EXISTS apod_data (
            id SERIAL PRIMARY KEY,
            title VARCHAR(255),
            explanation TEXT,
            url TEXT,
            date DATE,
            media_type VARCHAR(50)
        );


        , parameters: None
[2025-04-18T20:01:38.031+0000] {python.py:201} INFO - Done. Returned value was: None
[2025-04-18T20:01:38.035+0000] {taskinstance.py:1138} INFO - Marking task as SUCCESS. dag_id=nasa_apod_***, task_id=create_table, execution_date=20250418T200137, start_date=20250418T200137, end_date=20250418T200138
[2025-04-18T20:01:38.081+0000] {local_task_job_runner.py:234} INFO - Task exited with return code 0
[2025-04-18T20:01:38.096+0000] {taskinstance.py:3280} INFO - 1 downstream tasks scheduled from follow-on schedule check
