[2025-04-18T19:22:28.708+0000] {manager.py:469} INFO - Processing files using up to 2 processes at a time 
[2025-04-18T19:22:28.709+0000] {manager.py:470} INFO - Process each file at most once every 30 seconds
[2025-04-18T19:22:28.709+0000] {manager.py:471} INFO - Checking for new files in /opt/airflow/dags every 300 seconds
[2025-04-18T19:22:28.709+0000] {manager.py:738} INFO - Searching for files in /opt/airflow/dags
[2025-04-18T19:22:28.746+0000] {manager.py:741} INFO - There are 1 files in /opt/airflow/dags
[2025-04-18T19:22:28.869+0000] {manager.py:879} INFO - 
================================================================================
DAG File Processing Stats

File Path                   PID  Runtime      # DAGs    # Errors  Last Runtime    Last Run
------------------------  -----  ---------  --------  ----------  --------------  ----------
/opt/airflow/dags/etl.py    183  0.02s             0           0
================================================================================
[2025-04-18T19:22:59.123+0000] {manager.py:879} INFO - 
================================================================================
DAG File Processing Stats

File Path                   PID  Runtime      # DAGs    # Errors  Last Runtime    Last Run
------------------------  -----  ---------  --------  ----------  --------------  -------------------
/opt/airflow/dags/etl.py    188  0.00s             1           0  0.09s           2025-04-18T19:22:28
================================================================================
[2025-04-18T19:23:29.378+0000] {manager.py:879} INFO - 
================================================================================
DAG File Processing Stats

File Path                   PID  Runtime      # DAGs    # Errors  Last Runtime    Last Run
------------------------  -----  ---------  --------  ----------  --------------  -------------------
/opt/airflow/dags/etl.py    193  0.00s             1           0  0.18s           2025-04-18T19:22:59
================================================================================
[2025-04-18T19:23:59.619+0000] {manager.py:879} INFO - 
================================================================================
DAG File Processing Stats

File Path                   PID  Runtime      # DAGs    # Errors  Last Runtime    Last Run
------------------------  -----  ---------  --------  ----------  --------------  -------------------
/opt/airflow/dags/etl.py    198  0.00s             1           0  0.09s           2025-04-18T19:23:29
================================================================================
[2025-04-18T19:24:15.848+0000] {manager.py:451} INFO - Exiting gracefully upon receiving signal 15
[2025-04-18T19:24:44.837+0000] {manager.py:469} INFO - Processing files using up to 2 processes at a time 
[2025-04-18T19:24:44.838+0000] {manager.py:470} INFO - Process each file at most once every 30 seconds
[2025-04-18T19:24:44.838+0000] {manager.py:471} INFO - Checking for new files in /opt/airflow/dags every 300 seconds
[2025-04-18T19:24:44.839+0000] {manager.py:738} INFO - Searching for files in /opt/airflow/dags
[2025-04-18T19:24:44.865+0000] {manager.py:741} INFO - There are 1 files in /opt/airflow/dags
[2025-04-18T19:24:44.975+0000] {manager.py:879} INFO - 
================================================================================
DAG File Processing Stats

File Path                   PID  Runtime      # DAGs    # Errors  Last Runtime    Last Run
------------------------  -----  ---------  --------  ----------  --------------  ----------
/opt/airflow/dags/etl.py    183  0.01s             0           0
================================================================================
[2025-04-18T19:25:15.214+0000] {manager.py:879} INFO - 
================================================================================
DAG File Processing Stats

File Path                   PID  Runtime      # DAGs    # Errors  Last Runtime    Last Run
------------------------  -----  ---------  --------  ----------  --------------  -------------------
/opt/airflow/dags/etl.py    188  0.00s             1           0  0.08s           2025-04-18T19:24:45
================================================================================
[2025-04-18T19:25:45.420+0000] {manager.py:879} INFO - 
================================================================================
DAG File Processing Stats

File Path                   PID  Runtime      # DAGs    # Errors  Last Runtime    Last Run
------------------------  -----  ---------  --------  ----------  --------------  -------------------
/opt/airflow/dags/etl.py    193  0.00s             1           0  0.18s           2025-04-18T19:25:15
================================================================================
[2025-04-18T19:26:15.640+0000] {manager.py:879} INFO - 
================================================================================
DAG File Processing Stats

File Path                   PID  Runtime      # DAGs    # Errors  Last Runtime    Last Run
------------------------  -----  ---------  --------  ----------  --------------  -------------------
/opt/airflow/dags/etl.py    198  0.00s             1           0  0.09s           2025-04-18T19:25:45
================================================================================
[2025-04-18T19:26:45.912+0000] {manager.py:879} INFO - 
================================================================================
DAG File Processing Stats

File Path                   PID  Runtime      # DAGs    # Errors  Last Runtime    Last Run
------------------------  -----  ---------  --------  ----------  --------------  -------------------
/opt/airflow/dags/etl.py    203  0.00s             1           0  0.09s           2025-04-18T19:26:15
================================================================================
[2025-04-18T19:27:16.187+0000] {manager.py:879} INFO - 
================================================================================
DAG File Processing Stats

File Path                   PID  Runtime      # DAGs    # Errors  Last Runtime    Last Run
------------------------  -----  ---------  --------  ----------  --------------  -------------------
/opt/airflow/dags/etl.py    208  0.00s             1           0  0.10s           2025-04-18T19:26:46
================================================================================
[2025-04-18T19:27:46.458+0000] {manager.py:879} INFO - 
================================================================================
DAG File Processing Stats

File Path                   PID  Runtime      # DAGs    # Errors  Last Runtime    Last Run
------------------------  -----  ---------  --------  ----------  --------------  -------------------
/opt/airflow/dags/etl.py    213  0.00s             1           0  0.08s           2025-04-18T19:27:16
================================================================================
[2025-04-18T19:28:16.761+0000] {manager.py:879} INFO - 
================================================================================
DAG File Processing Stats

File Path                   PID  Runtime      # DAGs    # Errors  Last Runtime    Last Run
------------------------  -----  ---------  --------  ----------  --------------  -------------------
/opt/airflow/dags/etl.py    218  0.00s             1           0  0.09s           2025-04-18T19:27:46
================================================================================
[2025-04-18T19:28:47.018+0000] {manager.py:879} INFO - 
================================================================================
DAG File Processing Stats

File Path                   PID  Runtime      # DAGs    # Errors  Last Runtime    Last Run
------------------------  -----  ---------  --------  ----------  --------------  -------------------
/opt/airflow/dags/etl.py    223  0.00s             1           0  0.08s           2025-04-18T19:28:16
================================================================================
[2025-04-18T19:29:17.277+0000] {manager.py:879} INFO - 
================================================================================
DAG File Processing Stats

File Path                   PID  Runtime      # DAGs    # Errors  Last Runtime    Last Run
------------------------  -----  ---------  --------  ----------  --------------  -------------------
/opt/airflow/dags/etl.py    228  0.00s             1           0  0.09s           2025-04-18T19:28:47
================================================================================
[2025-04-18T19:29:45.504+0000] {manager.py:738} INFO - Searching for files in /opt/airflow/dags
[2025-04-18T19:29:45.534+0000] {manager.py:741} INFO - There are 1 files in /opt/airflow/dags
[2025-04-18T19:29:47.560+0000] {manager.py:879} INFO - 
================================================================================
DAG File Processing Stats

File Path                   PID  Runtime      # DAGs    # Errors  Last Runtime    Last Run
------------------------  -----  ---------  --------  ----------  --------------  -------------------
/opt/airflow/dags/etl.py    233  0.00s             1           0  0.09s           2025-04-18T19:29:17
================================================================================
[2025-04-18T19:30:17.721+0000] {manager.py:879} INFO - 
================================================================================
DAG File Processing Stats

File Path                   PID  Runtime      # DAGs    # Errors  Last Runtime    Last Run
------------------------  -----  ---------  --------  ----------  --------------  -------------------
/opt/airflow/dags/etl.py    238  0.00s             1           0  0.09s           2025-04-18T19:29:47
================================================================================
[2025-04-18T19:30:47.934+0000] {manager.py:879} INFO - 
================================================================================
DAG File Processing Stats

File Path                   PID  Runtime      # DAGs    # Errors  Last Runtime    Last Run
------------------------  -----  ---------  --------  ----------  --------------  -------------------
/opt/airflow/dags/etl.py    247  0.00s             1           0  0.10s           2025-04-18T19:30:17
================================================================================
[2025-04-18T19:31:18.200+0000] {manager.py:879} INFO - 
================================================================================
DAG File Processing Stats

File Path                   PID  Runtime      # DAGs    # Errors  Last Runtime    Last Run
------------------------  -----  ---------  --------  ----------  --------------  -------------------
/opt/airflow/dags/etl.py    252  0.00s             1           0  0.11s           2025-04-18T19:30:48
================================================================================
[2025-04-18T19:31:48.401+0000] {manager.py:879} INFO - 
================================================================================
DAG File Processing Stats

File Path                   PID  Runtime      # DAGs    # Errors  Last Runtime    Last Run
------------------------  -----  ---------  --------  ----------  --------------  -------------------
/opt/airflow/dags/etl.py    257  0.00s             1           0  0.08s           2025-04-18T19:31:18
================================================================================
[2025-04-18T19:32:18.649+0000] {manager.py:879} INFO - 
================================================================================
DAG File Processing Stats

File Path                   PID  Runtime      # DAGs    # Errors  Last Runtime    Last Run
------------------------  -----  ---------  --------  ----------  --------------  -------------------
/opt/airflow/dags/etl.py    262  0.00s             1           0  0.13s           2025-04-18T19:31:48
================================================================================
[2025-04-18T19:32:48.866+0000] {manager.py:879} INFO - 
================================================================================
DAG File Processing Stats

File Path                   PID  Runtime      # DAGs    # Errors  Last Runtime    Last Run
------------------------  -----  ---------  --------  ----------  --------------  -------------------
/opt/airflow/dags/etl.py    267  0.00s             1           0  0.07s           2025-04-18T19:32:18
================================================================================
[2025-04-18T19:33:19.096+0000] {manager.py:879} INFO - 
================================================================================
DAG File Processing Stats

File Path                   PID  Runtime      # DAGs    # Errors  Last Runtime    Last Run
------------------------  -----  ---------  --------  ----------  --------------  -------------------
/opt/airflow/dags/etl.py    272  0.00s             1           0  0.09s           2025-04-18T19:32:48
================================================================================
[2025-04-18T19:33:49.390+0000] {manager.py:879} INFO - 
================================================================================
DAG File Processing Stats

File Path                   PID  Runtime      # DAGs    # Errors  Last Runtime    Last Run
------------------------  -----  ---------  --------  ----------  --------------  -------------------
/opt/airflow/dags/etl.py    277  0.00s             1           0  0.08s           2025-04-18T19:33:19
================================================================================
[2025-04-18T19:34:19.683+0000] {manager.py:879} INFO - 
================================================================================
DAG File Processing Stats

File Path                   PID  Runtime      # DAGs    # Errors  Last Runtime    Last Run
------------------------  -----  ---------  --------  ----------  --------------  -------------------
/opt/airflow/dags/etl.py    282  0.00s             1           0  0.08s           2025-04-18T19:33:49
================================================================================
[2025-04-18T19:34:45.862+0000] {manager.py:738} INFO - Searching for files in /opt/airflow/dags
[2025-04-18T19:34:45.887+0000] {manager.py:741} INFO - There are 1 files in /opt/airflow/dags
[2025-04-18T19:34:49.937+0000] {manager.py:879} INFO - 
================================================================================
DAG File Processing Stats

File Path                   PID  Runtime      # DAGs    # Errors  Last Runtime    Last Run
------------------------  -----  ---------  --------  ----------  --------------  -------------------
/opt/airflow/dags/etl.py    287  0.00s             1           0  0.08s           2025-04-18T19:34:19
================================================================================
[2025-04-18T19:35:20.114+0000] {manager.py:879} INFO - 
================================================================================
DAG File Processing Stats

File Path                   PID  Runtime      # DAGs    # Errors  Last Runtime    Last Run
------------------------  -----  ---------  --------  ----------  --------------  -------------------
/opt/airflow/dags/etl.py    292  0.00s             1           0  0.08s           2025-04-18T19:34:50
================================================================================
[2025-04-18T19:35:50.405+0000] {manager.py:879} INFO - 
================================================================================
DAG File Processing Stats

File Path                   PID  Runtime      # DAGs    # Errors  Last Runtime    Last Run
------------------------  -----  ---------  --------  ----------  --------------  -------------------
/opt/airflow/dags/etl.py    297  0.00s             1           0  0.08s           2025-04-18T19:35:20
================================================================================
[2025-04-18T19:36:20.644+0000] {manager.py:879} INFO - 
================================================================================
DAG File Processing Stats

File Path                   PID  Runtime      # DAGs    # Errors  Last Runtime    Last Run
------------------------  -----  ---------  --------  ----------  --------------  -------------------
/opt/airflow/dags/etl.py    302  0.00s             1           0  0.08s           2025-04-18T19:35:50
================================================================================
[2025-04-18T19:36:50.897+0000] {manager.py:879} INFO - 
================================================================================
DAG File Processing Stats

File Path                   PID  Runtime      # DAGs    # Errors  Last Runtime    Last Run
------------------------  -----  ---------  --------  ----------  --------------  -------------------
/opt/airflow/dags/etl.py    309  0.00s             1           0  0.09s           2025-04-18T19:36:20
================================================================================
[2025-04-18T19:37:21.153+0000] {manager.py:879} INFO - 
================================================================================
DAG File Processing Stats

File Path                   PID  Runtime      # DAGs    # Errors  Last Runtime    Last Run
------------------------  -----  ---------  --------  ----------  --------------  -------------------
/opt/airflow/dags/etl.py    314  0.00s             1           0  0.08s           2025-04-18T19:36:50
================================================================================
[2025-04-18T19:37:48.156+0000] {manager.py:451} INFO - Exiting gracefully upon receiving signal 15
[2025-04-18T19:38:18.312+0000] {manager.py:469} INFO - Processing files using up to 2 processes at a time 
[2025-04-18T19:38:18.313+0000] {manager.py:470} INFO - Process each file at most once every 30 seconds
[2025-04-18T19:38:18.313+0000] {manager.py:471} INFO - Checking for new files in /opt/airflow/dags every 300 seconds
[2025-04-18T19:38:18.314+0000] {manager.py:738} INFO - Searching for files in /opt/airflow/dags
[2025-04-18T19:38:18.340+0000] {manager.py:741} INFO - There are 1 files in /opt/airflow/dags
[2025-04-18T19:38:18.446+0000] {manager.py:879} INFO - 
================================================================================
DAG File Processing Stats

File Path                   PID  Runtime      # DAGs    # Errors  Last Runtime    Last Run
------------------------  -----  ---------  --------  ----------  --------------  ----------
/opt/airflow/dags/etl.py    183  0.01s             0           0
================================================================================
[2025-04-18T19:38:48.647+0000] {manager.py:879} INFO - 
================================================================================
DAG File Processing Stats

File Path                   PID  Runtime      # DAGs    # Errors  Last Runtime    Last Run
------------------------  -----  ---------  --------  ----------  --------------  -------------------
/opt/airflow/dags/etl.py    188  0.00s             1           0  0.09s           2025-04-18T19:38:18
================================================================================
[2025-04-18T19:39:18.897+0000] {manager.py:879} INFO - 
================================================================================
DAG File Processing Stats

File Path                   PID  Runtime      # DAGs    # Errors  Last Runtime    Last Run
------------------------  -----  ---------  --------  ----------  --------------  -------------------
/opt/airflow/dags/etl.py    193  0.00s             1           0  0.18s           2025-04-18T19:38:48
================================================================================
[2025-04-18T19:39:49.141+0000] {manager.py:879} INFO - 
================================================================================
DAG File Processing Stats

File Path                   PID  Runtime      # DAGs    # Errors  Last Runtime    Last Run
------------------------  -----  ---------  --------  ----------  --------------  -------------------
/opt/airflow/dags/etl.py    198  0.00s             1           0  0.09s           2025-04-18T19:39:18
================================================================================
[2025-04-18T19:40:19.405+0000] {manager.py:879} INFO - 
================================================================================
DAG File Processing Stats

File Path                   PID  Runtime      # DAGs    # Errors  Last Runtime    Last Run
------------------------  -----  ---------  --------  ----------  --------------  -------------------
/opt/airflow/dags/etl.py    207  0.00s             1           0  0.11s           2025-04-18T19:39:49
================================================================================
[2025-04-18T19:40:49.716+0000] {manager.py:879} INFO - 
================================================================================
DAG File Processing Stats

File Path                   PID  Runtime      # DAGs    # Errors  Last Runtime    Last Run
------------------------  -----  ---------  --------  ----------  --------------  -------------------
/opt/airflow/dags/etl.py    212  0.00s             1           0  0.08s           2025-04-18T19:40:19
================================================================================
[2025-04-18T19:41:20.002+0000] {manager.py:879} INFO - 
================================================================================
DAG File Processing Stats

File Path                   PID  Runtime      # DAGs    # Errors  Last Runtime    Last Run
------------------------  -----  ---------  --------  ----------  --------------  -------------------
/opt/airflow/dags/etl.py    217  0.00s             1           0  0.09s           2025-04-18T19:40:49
================================================================================
[2025-04-18T19:41:50.345+0000] {manager.py:879} INFO - 
================================================================================
DAG File Processing Stats

File Path                   PID  Runtime      # DAGs    # Errors  Last Runtime    Last Run
------------------------  -----  ---------  --------  ----------  --------------  -------------------
/opt/airflow/dags/etl.py    222  0.00s             1           0  0.08s           2025-04-18T19:41:20
================================================================================
[2025-04-18T19:42:20.586+0000] {manager.py:879} INFO - 
================================================================================
DAG File Processing Stats

File Path                   PID  Runtime      # DAGs    # Errors  Last Runtime    Last Run
------------------------  -----  ---------  --------  ----------  --------------  -------------------
/opt/airflow/dags/etl.py    227  0.00s             1           0  0.08s           2025-04-18T19:41:50
================================================================================
[2025-04-18T19:42:50.867+0000] {manager.py:879} INFO - 
================================================================================
DAG File Processing Stats

File Path                   PID  Runtime      # DAGs    # Errors  Last Runtime    Last Run
------------------------  -----  ---------  --------  ----------  --------------  -------------------
/opt/airflow/dags/etl.py    232  0.00s             1           0  0.09s           2025-04-18T19:42:20
================================================================================
[2025-04-18T19:43:19.167+0000] {manager.py:738} INFO - Searching for files in /opt/airflow/dags
[2025-04-18T19:43:19.195+0000] {manager.py:741} INFO - There are 1 files in /opt/airflow/dags
[2025-04-18T19:43:21.216+0000] {manager.py:879} INFO - 
================================================================================
DAG File Processing Stats

File Path                 PID    Runtime      # DAGs    # Errors  Last Runtime    Last Run
------------------------  -----  ---------  --------  ----------  --------------  -------------------
/opt/airflow/dags/etl.py                           1           0  0.09s           2025-04-18T19:42:51
================================================================================
[2025-04-18T19:43:51.448+0000] {manager.py:879} INFO - 
================================================================================
DAG File Processing Stats

File Path                 PID    Runtime      # DAGs    # Errors  Last Runtime    Last Run
------------------------  -----  ---------  --------  ----------  --------------  -------------------
/opt/airflow/dags/etl.py                           1           0  0.09s           2025-04-18T19:43:22
================================================================================
[2025-04-18T19:44:21.731+0000] {manager.py:879} INFO - 
================================================================================
DAG File Processing Stats

File Path                 PID    Runtime      # DAGs    # Errors  Last Runtime    Last Run
------------------------  -----  ---------  --------  ----------  --------------  -------------------
/opt/airflow/dags/etl.py                           1           0  0.07s           2025-04-18T19:43:52
================================================================================
[2025-04-18T19:44:51.935+0000] {manager.py:879} INFO - 
================================================================================
DAG File Processing Stats

File Path                 PID    Runtime      # DAGs    # Errors  Last Runtime    Last Run
------------------------  -----  ---------  --------  ----------  --------------  -------------------
/opt/airflow/dags/etl.py                           1           0  0.08s           2025-04-18T19:44:22
================================================================================
[2025-04-18T19:44:53.790+0000] {manager.py:451} INFO - Exiting gracefully upon receiving signal 15
[2025-04-18T19:48:00.147+0000] {manager.py:469} INFO - Processing files using up to 2 processes at a time 
[2025-04-18T19:48:00.147+0000] {manager.py:470} INFO - Process each file at most once every 30 seconds
[2025-04-18T19:48:00.148+0000] {manager.py:471} INFO - Checking for new files in /opt/airflow/dags every 300 seconds
[2025-04-18T19:48:00.148+0000] {manager.py:738} INFO - Searching for files in /opt/airflow/dags
[2025-04-18T19:48:00.169+0000] {manager.py:741} INFO - There are 1 files in /opt/airflow/dags
[2025-04-18T19:48:00.273+0000] {manager.py:879} INFO - 
================================================================================
DAG File Processing Stats

File Path                   PID  Runtime      # DAGs    # Errors  Last Runtime    Last Run
------------------------  -----  ---------  --------  ----------  --------------  ----------
/opt/airflow/dags/etl.py    183  0.01s             0           0
================================================================================
[2025-04-18T19:48:30.500+0000] {manager.py:879} INFO - 
================================================================================
DAG File Processing Stats

File Path                   PID  Runtime      # DAGs    # Errors  Last Runtime    Last Run
------------------------  -----  ---------  --------  ----------  --------------  -------------------
/opt/airflow/dags/etl.py    188  0.00s             1           0  0.07s           2025-04-18T19:48:00
================================================================================
[2025-04-18T19:49:00.743+0000] {manager.py:879} INFO - 
================================================================================
DAG File Processing Stats

File Path                   PID  Runtime      # DAGs    # Errors  Last Runtime    Last Run
------------------------  -----  ---------  --------  ----------  --------------  -------------------
/opt/airflow/dags/etl.py    193  0.00s             1           0  0.17s           2025-04-18T19:48:30
================================================================================
[2025-04-18T19:49:30.984+0000] {manager.py:879} INFO - 
================================================================================
DAG File Processing Stats

File Path                   PID  Runtime      # DAGs    # Errors  Last Runtime    Last Run
------------------------  -----  ---------  --------  ----------  --------------  -------------------
/opt/airflow/dags/etl.py    198  0.00s             1           0  0.09s           2025-04-18T19:49:00
================================================================================
[2025-04-18T19:50:01.299+0000] {manager.py:879} INFO - 
================================================================================
DAG File Processing Stats

File Path                   PID  Runtime      # DAGs    # Errors  Last Runtime    Last Run
------------------------  -----  ---------  --------  ----------  --------------  -------------------
/opt/airflow/dags/etl.py    203  0.00s             1           0  0.09s           2025-04-18T19:49:31
================================================================================
[2025-04-18T19:50:31.532+0000] {manager.py:879} INFO - 
================================================================================
DAG File Processing Stats

File Path                   PID  Runtime      # DAGs    # Errors  Last Runtime    Last Run
------------------------  -----  ---------  --------  ----------  --------------  -------------------
/opt/airflow/dags/etl.py    208  0.00s             1           0  0.09s           2025-04-18T19:50:01
================================================================================
[2025-04-18T19:51:01.808+0000] {manager.py:879} INFO - 
================================================================================
DAG File Processing Stats

File Path                   PID  Runtime      # DAGs    # Errors  Last Runtime    Last Run
------------------------  -----  ---------  --------  ----------  --------------  -------------------
/opt/airflow/dags/etl.py    213  0.00s             1           0  0.09s           2025-04-18T19:50:31
================================================================================
[2025-04-18T19:51:32.014+0000] {manager.py:879} INFO - 
================================================================================
DAG File Processing Stats

File Path                   PID  Runtime      # DAGs    # Errors  Last Runtime    Last Run
------------------------  -----  ---------  --------  ----------  --------------  -------------------
/opt/airflow/dags/etl.py    218  0.00s             1           0  0.09s           2025-04-18T19:51:01
================================================================================
[2025-04-18T19:52:02.368+0000] {manager.py:879} INFO - 
================================================================================
DAG File Processing Stats

File Path                   PID  Runtime      # DAGs    # Errors  Last Runtime    Last Run
------------------------  -----  ---------  --------  ----------  --------------  -------------------
/opt/airflow/dags/etl.py    223  0.00s             1           0  0.07s           2025-04-18T19:51:32
================================================================================
[2025-04-18T19:52:32.620+0000] {manager.py:879} INFO - 
================================================================================
DAG File Processing Stats

File Path                   PID  Runtime      # DAGs    # Errors  Last Runtime    Last Run
------------------------  -----  ---------  --------  ----------  --------------  -------------------
/opt/airflow/dags/etl.py    228  0.00s             1           0  0.09s           2025-04-18T19:52:02
================================================================================
[2025-04-18T19:53:00.884+0000] {manager.py:738} INFO - Searching for files in /opt/airflow/dags
[2025-04-18T19:53:00.924+0000] {manager.py:741} INFO - There are 1 files in /opt/airflow/dags
[2025-04-18T19:53:02.966+0000] {manager.py:879} INFO - 
================================================================================
DAG File Processing Stats

File Path                 PID    Runtime      # DAGs    # Errors  Last Runtime    Last Run
------------------------  -----  ---------  --------  ----------  --------------  -------------------
/opt/airflow/dags/etl.py                           1           0  0.09s           2025-04-18T19:53:01
================================================================================
[2025-04-18T19:53:33.220+0000] {manager.py:879} INFO - 
================================================================================
DAG File Processing Stats

File Path                 PID    Runtime      # DAGs    # Errors  Last Runtime    Last Run
------------------------  -----  ---------  --------  ----------  --------------  -------------------
/opt/airflow/dags/etl.py                           1           0  0.07s           2025-04-18T19:53:31
================================================================================
[2025-04-18T19:54:03.469+0000] {manager.py:879} INFO - 
================================================================================
DAG File Processing Stats

File Path                 PID    Runtime      # DAGs    # Errors  Last Runtime    Last Run
------------------------  -----  ---------  --------  ----------  --------------  -------------------
/opt/airflow/dags/etl.py                           1           0  0.08s           2025-04-18T19:54:01
================================================================================
[2025-04-18T19:54:33.706+0000] {manager.py:879} INFO - 
================================================================================
DAG File Processing Stats

File Path                 PID    Runtime      # DAGs    # Errors  Last Runtime    Last Run
------------------------  -----  ---------  --------  ----------  --------------  -------------------
/opt/airflow/dags/etl.py                           1           0  0.08s           2025-04-18T19:54:31
================================================================================
[2025-04-18T19:55:03.973+0000] {manager.py:879} INFO - 
================================================================================
DAG File Processing Stats

File Path                 PID    Runtime      # DAGs    # Errors  Last Runtime    Last Run
------------------------  -----  ---------  --------  ----------  --------------  -------------------
/opt/airflow/dags/etl.py                           1           0  0.09s           2025-04-18T19:55:02
================================================================================
[2025-04-18T19:55:34.197+0000] {manager.py:879} INFO - 
================================================================================
DAG File Processing Stats

File Path                 PID    Runtime      # DAGs    # Errors  Last Runtime    Last Run
------------------------  -----  ---------  --------  ----------  --------------  -------------------
/opt/airflow/dags/etl.py                           1           0  0.13s           2025-04-18T19:55:32
================================================================================
[2025-04-18T19:56:04.428+0000] {manager.py:879} INFO - 
================================================================================
DAG File Processing Stats

File Path                 PID    Runtime      # DAGs    # Errors  Last Runtime    Last Run
------------------------  -----  ---------  --------  ----------  --------------  -------------------
/opt/airflow/dags/etl.py                           1           0  0.08s           2025-04-18T19:56:02
================================================================================
[2025-04-18T19:56:34.672+0000] {manager.py:879} INFO - 
================================================================================
DAG File Processing Stats

File Path                 PID    Runtime      # DAGs    # Errors  Last Runtime    Last Run
------------------------  -----  ---------  --------  ----------  --------------  -------------------
/opt/airflow/dags/etl.py                           1           0  0.13s           2025-04-18T19:56:32
================================================================================
[2025-04-18T19:57:04.957+0000] {manager.py:879} INFO - 
================================================================================
DAG File Processing Stats

File Path                 PID    Runtime      # DAGs    # Errors  Last Runtime    Last Run
------------------------  -----  ---------  --------  ----------  --------------  -------------------
/opt/airflow/dags/etl.py                           1           0  0.07s           2025-04-18T19:57:02
================================================================================
[2025-04-18T19:57:35.192+0000] {manager.py:879} INFO - 
================================================================================
DAG File Processing Stats

File Path                 PID    Runtime      # DAGs    # Errors  Last Runtime    Last Run
------------------------  -----  ---------  --------  ----------  --------------  -------------------
/opt/airflow/dags/etl.py                           1           0  0.07s           2025-04-18T19:57:33
================================================================================
[2025-04-18T19:58:01.400+0000] {manager.py:738} INFO - Searching for files in /opt/airflow/dags
[2025-04-18T19:58:01.427+0000] {manager.py:741} INFO - There are 1 files in /opt/airflow/dags
[2025-04-18T19:58:05.495+0000] {manager.py:879} INFO - 
================================================================================
DAG File Processing Stats

File Path                 PID    Runtime      # DAGs    # Errors  Last Runtime    Last Run
------------------------  -----  ---------  --------  ----------  --------------  -------------------
/opt/airflow/dags/etl.py                           1           0  0.08s           2025-04-18T19:58:03
================================================================================
[2025-04-18T19:58:35.751+0000] {manager.py:879} INFO - 
================================================================================
DAG File Processing Stats

File Path                 PID    Runtime      # DAGs    # Errors  Last Runtime    Last Run
------------------------  -----  ---------  --------  ----------  --------------  -------------------
/opt/airflow/dags/etl.py                           1           0  0.09s           2025-04-18T19:58:33
================================================================================
[2025-04-18T19:59:06.018+0000] {manager.py:879} INFO - 
================================================================================
DAG File Processing Stats

File Path                 PID    Runtime      # DAGs    # Errors  Last Runtime    Last Run
------------------------  -----  ---------  --------  ----------  --------------  -------------------
/opt/airflow/dags/etl.py                           1           0  0.08s           2025-04-18T19:59:04
================================================================================
[2025-04-18T19:59:36.304+0000] {manager.py:879} INFO - 
================================================================================
DAG File Processing Stats

File Path                 PID    Runtime      # DAGs    # Errors  Last Runtime    Last Run
------------------------  -----  ---------  --------  ----------  --------------  -------------------
/opt/airflow/dags/etl.py                           1           0  0.07s           2025-04-18T19:59:34
================================================================================
[2025-04-18T20:00:06.582+0000] {manager.py:879} INFO - 
================================================================================
DAG File Processing Stats

File Path                 PID    Runtime      # DAGs    # Errors  Last Runtime    Last Run
------------------------  -----  ---------  --------  ----------  --------------  -------------------
/opt/airflow/dags/etl.py                           1           0  0.07s           2025-04-18T20:00:04
================================================================================
[2025-04-18T20:00:36.819+0000] {manager.py:879} INFO - 
================================================================================
DAG File Processing Stats

File Path                 PID    Runtime      # DAGs    # Errors  Last Runtime    Last Run
------------------------  -----  ---------  --------  ----------  --------------  -------------------
/opt/airflow/dags/etl.py                           1           0  0.09s           2025-04-18T20:00:34
================================================================================
[2025-04-18T20:01:07.061+0000] {manager.py:879} INFO - 
================================================================================
DAG File Processing Stats

File Path                 PID    Runtime      # DAGs    # Errors  Last Runtime    Last Run
------------------------  -----  ---------  --------  ----------  --------------  -------------------
/opt/airflow/dags/etl.py                           1           0  0.10s           2025-04-18T20:01:05
================================================================================
[2025-04-18T20:01:37.326+0000] {manager.py:879} INFO - 
================================================================================
DAG File Processing Stats

File Path                 PID    Runtime      # DAGs    # Errors  Last Runtime    Last Run
------------------------  -----  ---------  --------  ----------  --------------  -------------------
/opt/airflow/dags/etl.py                           1           0  0.08s           2025-04-18T20:01:35
================================================================================
[2025-04-18T20:02:07.545+0000] {manager.py:879} INFO - 
================================================================================
DAG File Processing Stats

File Path                 PID    Runtime      # DAGs    # Errors  Last Runtime    Last Run
------------------------  -----  ---------  --------  ----------  --------------  -------------------
/opt/airflow/dags/etl.py                           1           0  0.09s           2025-04-18T20:02:05
================================================================================
[2025-04-18T20:02:37.803+0000] {manager.py:879} INFO - 
================================================================================
DAG File Processing Stats

File Path                 PID    Runtime      # DAGs    # Errors  Last Runtime    Last Run
------------------------  -----  ---------  --------  ----------  --------------  -------------------
/opt/airflow/dags/etl.py                           1           0  0.08s           2025-04-18T20:02:35
================================================================================
[2025-04-18T20:03:02.007+0000] {manager.py:738} INFO - Searching for files in /opt/airflow/dags
[2025-04-18T20:03:02.029+0000] {manager.py:741} INFO - There are 1 files in /opt/airflow/dags
[2025-04-18T20:03:08.103+0000] {manager.py:879} INFO - 
================================================================================
DAG File Processing Stats

File Path                 PID    Runtime      # DAGs    # Errors  Last Runtime    Last Run
------------------------  -----  ---------  --------  ----------  --------------  -------------------
/opt/airflow/dags/etl.py                           1           0  0.08s           2025-04-18T20:03:06
================================================================================
[2025-04-18T20:03:38.356+0000] {manager.py:879} INFO - 
================================================================================
DAG File Processing Stats

File Path                 PID    Runtime      # DAGs    # Errors  Last Runtime    Last Run
------------------------  -----  ---------  --------  ----------  --------------  -------------------
/opt/airflow/dags/etl.py                           1           0  0.08s           2025-04-18T20:03:36
================================================================================
[2025-04-18T20:04:08.552+0000] {manager.py:879} INFO - 
================================================================================
DAG File Processing Stats

File Path                 PID    Runtime      # DAGs    # Errors  Last Runtime    Last Run
------------------------  -----  ---------  --------  ----------  --------------  -------------------
/opt/airflow/dags/etl.py                           1           0  0.08s           2025-04-18T20:04:06
================================================================================
[2025-04-18T20:04:38.768+0000] {manager.py:879} INFO - 
================================================================================
DAG File Processing Stats

File Path                 PID    Runtime      # DAGs    # Errors  Last Runtime    Last Run
------------------------  -----  ---------  --------  ----------  --------------  -------------------
/opt/airflow/dags/etl.py                           1           0  0.09s           2025-04-18T20:04:36
================================================================================
[2025-04-18T20:05:09.006+0000] {manager.py:879} INFO - 
================================================================================
DAG File Processing Stats

File Path                 PID    Runtime      # DAGs    # Errors  Last Runtime    Last Run
------------------------  -----  ---------  --------  ----------  --------------  -------------------
/opt/airflow/dags/etl.py                           1           0  0.08s           2025-04-18T20:05:07
================================================================================
[2025-04-18T20:05:39.284+0000] {manager.py:879} INFO - 
================================================================================
DAG File Processing Stats

File Path                 PID    Runtime      # DAGs    # Errors  Last Runtime    Last Run
------------------------  -----  ---------  --------  ----------  --------------  -------------------
/opt/airflow/dags/etl.py                           1           0  0.07s           2025-04-18T20:05:37
================================================================================
[2025-04-18T20:06:09.523+0000] {manager.py:879} INFO - 
================================================================================
DAG File Processing Stats

File Path                 PID    Runtime      # DAGs    # Errors  Last Runtime    Last Run
------------------------  -----  ---------  --------  ----------  --------------  -------------------
/opt/airflow/dags/etl.py                           1           0  0.07s           2025-04-18T20:06:07
================================================================================
[2025-04-18T20:06:39.729+0000] {manager.py:879} INFO - 
================================================================================
DAG File Processing Stats

File Path                 PID    Runtime      # DAGs    # Errors  Last Runtime    Last Run
------------------------  -----  ---------  --------  ----------  --------------  -------------------
/opt/airflow/dags/etl.py                           1           0  0.07s           2025-04-18T20:06:37
================================================================================
[2025-04-18T20:07:09.942+0000] {manager.py:879} INFO - 
================================================================================
DAG File Processing Stats

File Path                 PID    Runtime      # DAGs    # Errors  Last Runtime    Last Run
------------------------  -----  ---------  --------  ----------  --------------  -------------------
/opt/airflow/dags/etl.py                           1           0  0.08s           2025-04-18T20:07:07
================================================================================
[2025-04-18T20:07:40.215+0000] {manager.py:879} INFO - 
================================================================================
DAG File Processing Stats

File Path                 PID    Runtime      # DAGs    # Errors  Last Runtime    Last Run
------------------------  -----  ---------  --------  ----------  --------------  -------------------
/opt/airflow/dags/etl.py                           1           0  0.07s           2025-04-18T20:07:38
================================================================================
[2025-04-18T20:08:02.374+0000] {manager.py:738} INFO - Searching for files in /opt/airflow/dags
[2025-04-18T20:08:02.402+0000] {manager.py:741} INFO - There are 1 files in /opt/airflow/dags
[2025-04-18T20:08:10.532+0000] {manager.py:879} INFO - 
================================================================================
DAG File Processing Stats

File Path                 PID    Runtime      # DAGs    # Errors  Last Runtime    Last Run
------------------------  -----  ---------  --------  ----------  --------------  -------------------
/opt/airflow/dags/etl.py                           1           0  0.07s           2025-04-18T20:08:08
================================================================================
[2025-04-18T20:08:40.794+0000] {manager.py:879} INFO - 
================================================================================
DAG File Processing Stats

File Path                 PID    Runtime      # DAGs    # Errors  Last Runtime    Last Run
------------------------  -----  ---------  --------  ----------  --------------  -------------------
/opt/airflow/dags/etl.py                           1           0  0.09s           2025-04-18T20:08:38
================================================================================
[2025-04-18T20:09:11.039+0000] {manager.py:879} INFO - 
================================================================================
DAG File Processing Stats

File Path                 PID    Runtime      # DAGs    # Errors  Last Runtime    Last Run
------------------------  -----  ---------  --------  ----------  --------------  -------------------
/opt/airflow/dags/etl.py                           1           0  0.08s           2025-04-18T20:09:09
================================================================================
[2025-04-18T20:09:41.281+0000] {manager.py:879} INFO - 
================================================================================
DAG File Processing Stats

File Path                 PID    Runtime      # DAGs    # Errors  Last Runtime    Last Run
------------------------  -----  ---------  --------  ----------  --------------  -------------------
/opt/airflow/dags/etl.py                           1           0  0.09s           2025-04-18T20:09:39
================================================================================
[2025-04-18T20:10:11.519+0000] {manager.py:879} INFO - 
================================================================================
DAG File Processing Stats

File Path                 PID    Runtime      # DAGs    # Errors  Last Runtime    Last Run
------------------------  -----  ---------  --------  ----------  --------------  -------------------
/opt/airflow/dags/etl.py                           1           0  0.10s           2025-04-18T20:10:09
================================================================================
